<?xml version="1.0" encoding="UTF-8"?>
<!-- Generated by org.testng.reporters.JUnitReportReporter -->
<testsuite hostname="LAPTOP-17FHGCSN" failures="0" tests="1" name="sequence5_SerializationDeserialization.TestDeserialization" time="3.791" errors="0" timestamp="2024-02-04T00:23:46 IST" skipped="0">
  <testcase classname="sequence5_SerializationDeserialization.TestDeserialization" name="generateOauthToken" time="3.791"/>
</testsuite> <!-- sequence5_SerializationDeserialization.TestDeserialization -->
