<?xml version="1.0" encoding="UTF-8"?>
<!-- Generated by org.testng.reporters.JUnitReportReporter -->
<testsuite hostname="LAPTOP-17FHGCSN" failures="0" tests="1" name="sequence6_EcommerceAPIExample.TestEcommerce" time="8.781" errors="0" timestamp="2024-02-04T02:28:16 IST" skipped="0">
  <testcase classname="sequence6_EcommerceAPIExample.TestEcommerce" name="createProduct" time="8.781"/>
</testsuite> <!-- sequence6_EcommerceAPIExample.TestEcommerce -->
