<?xml version="1.0" encoding="UTF-8"?>
<!-- Generated by org.testng.reporters.JUnitReportReporter -->
<testsuite hostname="LAPTOP-17FHGCSN" failures="0" tests="1" name="sequence4_OAUTH.TestOauth" time="4.428" errors="0" timestamp="2024-02-03T23:44:14 IST" skipped="0">
  <testcase classname="sequence4_OAUTH.TestOauth" name="generateOauthToken" time="4.428"/>
</testsuite> <!-- sequence4_OAUTH.TestOauth -->
