<?xml version="1.0" encoding="UTF-8"?>
<!-- Generated by org.testng.reporters.JUnitReportReporter -->
<testsuite hostname="LAPTOP-17FHGCSN" failures="0" tests="1" name="sequence2_jsonParsing.LearnParseJson" time="1.365" errors="0" timestamp="2024-02-03T21:29:46 IST" skipped="0">
  <testcase classname="sequence2_jsonParsing.LearnParseJson" name="testDataFromFile" time="1.365"/>
</testsuite> <!-- sequence2_jsonParsing.LearnParseJson -->
