<?xml version="1.0" encoding="UTF-8"?>
<!-- Generated by org.testng.reporters.JUnitReportReporter -->
<testsuite hostname="LAPTOP-17FHGCSN" failures="0" tests="1" name="sequence5_SerializationDeserialization.TestSerialization" time="2.968" errors="0" timestamp="2024-02-04T01:12:55 IST" skipped="0">
  <testcase classname="sequence5_SerializationDeserialization.TestSerialization" name="testAddBook" time="2.968"/>
</testsuite> <!-- sequence5_SerializationDeserialization.TestSerialization -->
