<?xml version="1.0" encoding="UTF-8"?>
<!-- Generated by org.testng.reporters.JUnitReportReporter -->
<testsuite hostname="LAPTOP-17FHGCSN" failures="0" tests="1" name="sequence3_HandlingDynamicJson.TestLibraryAPI" time="1.625" errors="0" timestamp="2024-02-03T21:28:44 IST" skipped="0">
  <testcase classname="sequence3_HandlingDynamicJson.TestLibraryAPI" name="testDataFromFile" time="1.625"/>
</testsuite> <!-- sequence3_HandlingDynamicJson.TestLibraryAPI -->
