<?xml version="1.0" encoding="UTF-8"?>
<!-- Generated by org.testng.reporters.JUnitReportReporter -->
<testsuite hostname="LAPTOP-17FHGCSN" failures="0" tests="1" name="sequence1_testCases.addPlaceTest" time="3.852" errors="0" timestamp="2024-02-02T18:29:20 IST" skipped="0">
  <testcase classname="sequence1_testCases.addPlaceTest" name="testGetPlace" time="3.852"/>
</testsuite> <!-- sequence1_testCases.addPlaceTest -->
